0.023598 114
2.249591 1
0.152003 1
0.303769 1
0.199942 1
0.072120 1
0.277473 3
0.722661 1
1.600089 1
0.527860 1
1.287989 2
1.296795 67
0.000100 2
0.407207 55
2.606912 12
0.000258 21
0.205478 12
0.000360 21
1.225027 12
0.000723 21
1.352639 12
0.000242 21
1.829898 12
0.000198 21
0.807468 12
0.175707 65
0.203539 84
1.078193 86
2.198144 72
0.105720 77
0.000591 37
0.099701 42
0.189765 62
0.000374 60
0.455681 62
0.078969 36
0.453287 82
0.440846 50
0.000622 44
0.000184 51
32.516039 174
1.784894 84
0.674201 78
0.712913 88
1.892995 48
0.034791 60
0.319228 482
0.000955 42
4.004309 76
3.437999 52
0.947287 45
0.679582 55
0.177401 53
0.938761 49
0.000241 2
0.000273 53
0.000278 54
14.835583 48
0.000134 55
0.000265 83
2.229074 60
0.507964 26
0.000174 47
0.000182 26
0.000243 106
0.000277 105
0.000179 106
0.000223 37
0.000278 105
0.000220 26
0.000240 45
0.000264 106
0.000211 44
0.000216 26
0.000348 51
0.000239 46
0.000233 47
0.311598 86
0.000372 159
0.031415 90
0.007901 55
0.000225 108
0.000186 89
0.000299 95
0.000170 77
0.056830 51
0.000135 50
0.000205 52
0.000316 45
0.135089 105
0.163260 105
0.000219 26
0.000576 116
0.000331 35
0.392595 55
0.139136 68
28.169359 51
0.000354 50
0.000364 53
0.000241 54
5.585588 48
0.016604 55
0.000237 85
0.053039 129
1.128352 133
0.030911 130
0.000105 130
0.000263 111
0.000279 111
0.000189 107
0.000215 120
0.000306 120
0.000235 117
0.000213 55
0.000211 97
0.000282 98
0.000270 93
0.041224 96
0.000230 93
0.810154 60
0.375881 205
0.000148 105
0.001635 512
0.000589 105
0.000344 105
0.000351 105
0.000279 26
0.000390 45
0.000336 106
0.000333 68
0.000318 26
0.000334 51
0.000295 46
0.000352 47
2.090555 88
0.000602 159
1.360728 106
0.000119 101
0.000466 88
0.007232 55
0.000110 82
0.000291 89
0.000244 74
0.000291 75
0.020029 51
0.027114 50
0.131436 52
0.000329 45
1.379341 105
0.122753 105
1.138009 105
0.280994 105
0.252451 105
0.351647 105
0.021407 105
0.023098 105
0.025240 105
0.030815 105
0.021226 105
0.178225 105
0.000179 26
0.000151 36
0.000166 56
0.000130 26
0.000141 47
0.000165 68
0.000164 69
0.000115 64
0.000143 131
0.000270 26
0.000175 35
0.166180 177
0.019898 85
0.000262 118
0.000272 107
0.000314 105
0.000207 116
0.000252 26
0.000301 113
0.000290 127
0.000294 128
0.000354 122
0.000206 121
0.000257 118
0.000335 102
0.000222 83
3.051806 231
0.088729 114
2.182488 1
0.270548 1
0.271231 1
0.208012 1
0.239844 2
0.000158 6
